::1 - - [23/Aug/2015:03:47:01 -0400] "GET /index.php HTTP/1.1" 200 1228 "-" "Mozilla/5.0 (Windows NT 6.3; WOW64) AppleWebKit/537.36 (KHTML, like Gecko) Chrome/44.0.2403.157 Safari/537.36"
::1 - - [23/Aug/2015:03:47:01 -0400] "GET /css/style.css HTTP/1.1" 200 735 "http://localhost/index.php" "Mozilla/5.0 (Windows NT 6.3; WOW64) AppleWebKit/537.36 (KHTML, like Gecko) Chrome/44.0.2403.157 Safari/537.36"
::1 - - [23/Aug/2015:03:47:01 -0400] "GET /images/logo.png HTTP/1.1" 200 28212 "http://localhost/index.php" "Mozilla/5.0 (Windows NT 6.3; WOW64) AppleWebKit/537.36 (KHTML, like Gecko) Chrome/44.0.2403.157 Safari/537.36"
::1 - - [23/Aug/2015:03:47:01 -0400] "GET /images/padlock2.gif HTTP/1.1" 200 1144 "http://localhost/index.php" "Mozilla/5.0 (Windows NT 6.3; WOW64) AppleWebKit/537.36 (KHTML, like Gecko) Chrome/44.0.2403.157 Safari/537.36"
::1 - - [23/Aug/2015:03:47:02 -0400] "GET /images/branding_bg.png HTTP/1.1" 200 2889 "http://localhost/css/style.css" "Mozilla/5.0 (Windows NT 6.3; WOW64) AppleWebKit/537.36 (KHTML, like Gecko) Chrome/44.0.2403.157 Safari/537.36"
::1 - - [23/Aug/2015:03:47:06 -0400] "GET /us_splash/index.php HTTP/1.1" 200 1451 "-" "Mozilla/5.0 (Windows NT 6.3; WOW64) AppleWebKit/537.36 (KHTML, like Gecko) Chrome/44.0.2403.157 Safari/537.36"
::1 - - [23/Aug/2015:03:47:07 -0400] "GET /us_splash/index.php HTTP/1.1" 200 1451 "http://localhost/us_splash/index.php" "Mozilla/5.0 (Windows NT 6.3; WOW64) AppleWebKit/537.36 (KHTML, like Gecko) Chrome/44.0.2403.157 Safari/537.36"
::1 - - [23/Aug/2015:03:47:09 -0400] "GET /us_opt1/index.php HTTP/1.1" 200 8319 "-" "Mozilla/5.0 (Windows NT 6.3; WOW64) AppleWebKit/537.36 (KHTML, like Gecko) Chrome/44.0.2403.157 Safari/537.36"
::1 - - [23/Aug/2015:03:47:09 -0400] "GET /us_opt1/themes/pmahomme/jquery/jquery-ui-1.11.2.css HTTP/1.1" 200 8056 "http://localhost/us_opt1/index.php" "Mozilla/5.0 (Windows NT 6.3; WOW64) AppleWebKit/537.36 (KHTML, like Gecko) Chrome/44.0.2403.157 Safari/537.36"
::1 - - [23/Aug/2015:03:47:09 -0400] "GET /us_opt1/themes/pmahomme/img/logo_left.png HTTP/1.1" 200 2327 "http://localhost/us_opt1/index.php" "Mozilla/5.0 (Windows NT 6.3; WOW64) AppleWebKit/537.36 (KHTML, like Gecko) Chrome/44.0.2403.157 Safari/537.36"
::1 - - [23/Aug/2015:03:47:09 -0400] "GET /us_opt1/themes/dot.gif HTTP/1.1" 200 43 "http://localhost/us_opt1/index.php" "Mozilla/5.0 (Windows NT 6.3; WOW64) AppleWebKit/537.36 (KHTML, like Gecko) Chrome/44.0.2403.157 Safari/537.36"
::1 - - [23/Aug/2015:03:47:09 -0400] "GET /us_opt1/themes/pmahomme/img/ajax_clock_small.gif HTTP/1.1" 200 1810 "http://localhost/us_opt1/index.php" "Mozilla/5.0 (Windows NT 6.3; WOW64) AppleWebKit/537.36 (KHTML, like Gecko) Chrome/44.0.2403.157 Safari/537.36"
::1 - - [23/Aug/2015:03:47:09 -0400] "GET /us_opt1/themes/pmahomme/img/s_collapseall.png HTTP/1.1" 200 170 "http://localhost/us_opt1/index.php" "Mozilla/5.0 (Windows NT 6.3; WOW64) AppleWebKit/537.36 (KHTML, like Gecko) Chrome/44.0.2403.157 Safari/537.36"
::1 - - [23/Aug/2015:03:47:09 -0400] "GET /us_opt1/phpmyadmin.css.php?nocache=5748851375ltr HTTP/1.1" 200 21380 "http://localhost/us_opt1/index.php" "Mozilla/5.0 (Windows NT 6.3; WOW64) AppleWebKit/537.36 (KHTML, like Gecko) Chrome/44.0.2403.157 Safari/537.36"
::1 - - [23/Aug/2015:03:47:09 -0400] "GET /us_opt1/js/whitelist.php?lang=en&db=&collation_connection=utf8mb4_general_ci&token=87c8f7a27a92c9d66677b5722a943dba HTTP/1.1" 200 498 "http://localhost/us_opt1/index.php" "Mozilla/5.0 (Windows NT 6.3; WOW64) AppleWebKit/537.36 (KHTML, like Gecko) Chrome/44.0.2403.157 Safari/537.36"
::1 - - [23/Aug/2015:03:47:09 -0400] "GET /us_opt1/js/get_scripts.js.php?scripts%5B%5D=jquery/jquery-1.11.1.min.js&scripts%5B%5D=sprintf.js&scripts%5B%5D=ajax.js&scripts%5B%5D=keyhandler.js&scripts%5B%5D=jquery/jquery-ui-1.11.2.min.js&scripts%5B%5D=jquery/jquery.cookie.js&scripts%5B%5D=jquery/jquery.mousewheel.js&scripts%5B%5D=jquery/jquery.event.drag-2.2.js&scripts%5B%5D=jquery/jquery-ui-timepicker-addon.js&scripts%5B%5D=jquery/jquery.ba-hashchange-1.3.js&scripts%5B%5D=jquery/jquery.debounce-1.0.5.js&scripts%5B%5D=menu-resizer.js&scripts%5B%5D=cross_framing_protection.js&scripts%5B%5D=rte.js&scripts%5B%5D=tracekit/tracekit.js&scripts%5B%5D=error_report.js&scripts%5B%5D=doclinks.js&scripts%5B%5D=functions.js&scripts%5B%5D=navigation.js&scripts%5B%5D=indexes.js&scripts%5B%5D=common.js&scripts%5B%5D=codemirror/lib/codemirror.js&scripts%5B%5D=codemirror/mode/sql/sql.js&scripts%5B%5D=codemirror/addon/runmode/runmode.js&scripts%5B%5D=codemirror/addon/hint/show-hint.js&scripts%5B%5D=codemirror/addon/hint/sql-hint.js&scripts%5B%5D=console.js HTTP/1.1" 200 331819 "http://localhost/us_opt1/index.php" "Mozilla/5.0 (Windows NT 6.3; WOW64) AppleWebKit/537.36 (KHTML, like Gecko) Chrome/44.0.2403.157 Safari/537.36"
::1 - - [23/Aug/2015:03:47:09 -0400] "GET /us_opt1/js/get_image.js.php?theme=pmahomme HTTP/1.1" 200 1812 "http://localhost/us_opt1/index.php" "Mozilla/5.0 (Windows NT 6.3; WOW64) AppleWebKit/537.36 (KHTML, like Gecko) Chrome/44.0.2403.157 Safari/537.36"
::1 - - [23/Aug/2015:03:47:09 -0400] "GET /us_opt1/js/messages.php?lang=en&db=&collation_connection=utf8mb4_general_ci&token=87c8f7a27a92c9d66677b5722a943dba HTTP/1.1" 200 7374 "http://localhost/us_opt1/index.php" "Mozilla/5.0 (Windows NT 6.3; WOW64) AppleWebKit/537.36 (KHTML, like Gecko) Chrome/44.0.2403.157 Safari/537.36"
::1 - - [23/Aug/2015:03:47:10 -0400] "GET /us_opt1/themes/pmahomme/img/left_nav_bg.png HTTP/1.1" 200 297 "http://localhost/us_opt1/phpmyadmin.css.php?nocache=5748851375ltr" "Mozilla/5.0 (Windows NT 6.3; WOW64) AppleWebKit/537.36 (KHTML, like Gecko) Chrome/44.0.2403.157 Safari/537.36"
::1 - - [23/Aug/2015:03:47:10 -0400] "GET /us_opt1/themes/pmahomme/img/sprites.png HTTP/1.1" 200 45779 "http://localhost/us_opt1/phpmyadmin.css.php?nocache=5748851375ltr" "Mozilla/5.0 (Windows NT 6.3; WOW64) AppleWebKit/537.36 (KHTML, like Gecko) Chrome/44.0.2403.157 Safari/537.36"
::1 - - [23/Aug/2015:03:47:10 -0400] "POST /us_opt1/db_structure.php?ajax_request=1&favorite_table=1&sync_favorite_tables=1&lang=en&collation_connection=utf8mb4_general_ci&token=87c8f7a27a92c9d66677b5722a943dba HTTP/1.1" 200 1352 "http://localhost/us_opt1/index.php" "Mozilla/5.0 (Windows NT 6.3; WOW64) AppleWebKit/537.36 (KHTML, like Gecko) Chrome/44.0.2403.157 Safari/537.36"
::1 - - [23/Aug/2015:03:47:10 -0400] "GET /us_opt1/index.php HTTP/1.1" 200 8226 "http://localhost/us_opt1/index.php" "Mozilla/5.0 (Windows NT 6.3; WOW64) AppleWebKit/537.36 (KHTML, like Gecko) Chrome/44.0.2403.157 Safari/537.36"
::1 - - [23/Aug/2015:03:47:10 -0400] "GET /us_opt1/version_check.php?&_nocache=1440316030368511826 HTTP/1.1" 200 40 "http://localhost/us_opt1/index.php" "Mozilla/5.0 (Windows NT 6.3; WOW64) AppleWebKit/537.36 (KHTML, like Gecko) Chrome/44.0.2403.157 Safari/537.36"
::1 - - [23/Aug/2015:03:51:05 -0400] "GET /index.php HTTP/1.1" 200 1228 "-" "Mozilla/5.0 (Windows NT 6.3; WOW64) AppleWebKit/537.36 (KHTML, like Gecko) Chrome/44.0.2403.157 Safari/537.36"
::1 - - [23/Aug/2015:03:51:06 -0400] "GET /index.php HTTP/1.1" 200 1228 "http://localhost/index.php" "Mozilla/5.0 (Windows NT 6.3; WOW64) AppleWebKit/537.36 (KHTML, like Gecko) Chrome/44.0.2403.157 Safari/537.36"
::1 - - [23/Aug/2015:03:51:10 -0400] "GET /us_splash/index.php HTTP/1.1" 200 1451 "-" "Mozilla/5.0 (Windows NT 6.3; WOW64) AppleWebKit/537.36 (KHTML, like Gecko) Chrome/44.0.2403.157 Safari/537.36"
::1 - - [23/Aug/2015:03:51:10 -0400] "GET /us_splash/index.php HTTP/1.1" 200 1451 "http://localhost/us_splash/index.php" "Mozilla/5.0 (Windows NT 6.3; WOW64) AppleWebKit/537.36 (KHTML, like Gecko) Chrome/44.0.2403.157 Safari/537.36"
