150823  3:46:41 [Note] Plugin 'FEDERATED' is disabled.
150823  3:46:41 InnoDB: The InnoDB memory heap is disabled
150823  3:46:41 InnoDB: Mutexes and rw_locks use Windows interlocked functions
150823  3:46:41 InnoDB: Compressed tables use zlib 1.2.3
150823  3:46:41 InnoDB: Initializing buffer pool, size = 16.0M
150823  3:46:41 InnoDB: Completed initialization of buffer pool
InnoDB: The first specified data file .\ibdata1 did not exist:
InnoDB: a new database to be created!
150823  3:46:41  InnoDB: Setting file .\ibdata1 size to 10 MB
InnoDB: Database physically writes the file full: wait...
150823  3:46:41  InnoDB: Log file .\ib_logfile0 did not exist: new to be created
InnoDB: Setting log file .\ib_logfile0 size to 5 MB
InnoDB: Database physically writes the file full: wait...
150823  3:46:41  InnoDB: Log file .\ib_logfile1 did not exist: new to be created
InnoDB: Setting log file .\ib_logfile1 size to 5 MB
InnoDB: Database physically writes the file full: wait...
InnoDB: Doublewrite buffer not found: creating new
InnoDB: Doublewrite buffer created
InnoDB: 127 rollback segment(s) active.
InnoDB: Creating foreign key constraint system tables
InnoDB: Foreign key constraint system tables created
150823  3:46:41  InnoDB: Waiting for the background threads to start
150823  3:46:42 InnoDB: 5.5.44 started; log sequence number 0
150823  3:46:42 [Note] Server hostname (bind-address): '127.0.0.1'; port: 3306
150823  3:46:42 [Note]   - '127.0.0.1' resolves to '127.0.0.1';
150823  3:46:42 [Note] Server socket created on IP: '127.0.0.1'.
150823  3:46:42 [Note] Event Scheduler: Loaded 0 events
150823  3:46:42 [Note] C:\Users\Happy\Documents\repo\uniserver-bootstrap\core\mysql\bin\mysqld_z.exe: ready for connections.
Version: '5.5.44'  socket: ''  port: 3306  MySQL Community Server (GPL)
150823  3:46:57 [Note] Plugin 'FEDERATED' is disabled.
150823  3:46:57 InnoDB: The InnoDB memory heap is disabled
150823  3:46:57 InnoDB: Mutexes and rw_locks use Windows interlocked functions
150823  3:46:57 InnoDB: Compressed tables use zlib 1.2.3
150823  3:46:57 InnoDB: Initializing buffer pool, size = 16.0M
150823  3:46:57 InnoDB: Completed initialization of buffer pool
150823  3:46:57 InnoDB: highest supported file format is Barracuda.
InnoDB: The log sequence number in ibdata files does not match
InnoDB: the log sequence number in the ib_logfiles!
150823  3:46:57  InnoDB: Database was not shut down normally!
InnoDB: Starting crash recovery.
InnoDB: Reading tablespace information from the .ibd files...
InnoDB: Restoring possible half-written data pages from the doublewrite
InnoDB: buffer...
150823  3:46:57  InnoDB: Waiting for the background threads to start
150823  3:46:58 InnoDB: 5.5.44 started; log sequence number 1595675
150823  3:46:58 [Note] Server hostname (bind-address): '127.0.0.1'; port: 3306
150823  3:46:58 [Note]   - '127.0.0.1' resolves to '127.0.0.1';
150823  3:46:58 [Note] Server socket created on IP: '127.0.0.1'.
150823  3:46:58 [Note] Event Scheduler: Loaded 0 events
150823  3:46:58 [Note] C:\Users\Happy\Documents\repo\uniserver-bootstrap\core\mysql\bin\mysqld_z.exe: ready for connections.
Version: '5.5.44'  socket: ''  port: 3306  MySQL Community Server (GPL)
150823  3:47:20 [Note] C:\Users\Happy\Documents\repo\uniserver-bootstrap\core\mysql\bin\mysqld_z.exe: Normal shutdown

150823  3:47:20 [Note] Event Scheduler: Purging the queue. 0 events
150823  3:47:20  InnoDB: Starting shutdown...
150823  3:47:20  InnoDB: Shutdown completed; log sequence number 1595675
150823  3:47:20 [Note] C:\Users\Happy\Documents\repo\uniserver-bootstrap\core\mysql\bin\mysqld_z.exe: Shutdown complete

150823  3:50:58 [Note] Plugin 'FEDERATED' is disabled.
150823  3:50:58 InnoDB: The InnoDB memory heap is disabled
150823  3:50:58 InnoDB: Mutexes and rw_locks use Windows interlocked functions
150823  3:50:58 InnoDB: Compressed tables use zlib 1.2.3
150823  3:50:58 InnoDB: Initializing buffer pool, size = 16.0M
150823  3:50:58 InnoDB: Completed initialization of buffer pool
150823  3:50:58 InnoDB: highest supported file format is Barracuda.
150823  3:50:58  InnoDB: Waiting for the background threads to start
150823  3:50:59 InnoDB: 5.5.44 started; log sequence number 1595675
150823  3:50:59 [Note] Server hostname (bind-address): '127.0.0.1'; port: 3306
150823  3:50:59 [Note]   - '127.0.0.1' resolves to '127.0.0.1';
150823  3:50:59 [Note] Server socket created on IP: '127.0.0.1'.
150823  3:50:59 [Note] Event Scheduler: Loaded 0 events
150823  3:50:59 [Note] C:\Users\Happy\Documents\repo\uniserver-bootstrap\core\mysql\bin\mysqld_z.exe: ready for connections.
Version: '5.5.44'  socket: ''  port: 3306  MySQL Community Server (GPL)
150823  3:51:03 [Note] Plugin 'FEDERATED' is disabled.
150823  3:51:03 InnoDB: The InnoDB memory heap is disabled
150823  3:51:03 InnoDB: Mutexes and rw_locks use Windows interlocked functions
150823  3:51:03 InnoDB: Compressed tables use zlib 1.2.3
150823  3:51:03 InnoDB: Initializing buffer pool, size = 16.0M
150823  3:51:03 InnoDB: Completed initialization of buffer pool
150823  3:51:03 InnoDB: highest supported file format is Barracuda.
150823  3:51:03  InnoDB: Waiting for the background threads to start
150823  3:51:04 InnoDB: 5.5.44 started; log sequence number 1595675
150823  3:51:04 [Note] Server hostname (bind-address): '127.0.0.1'; port: 3306
150823  3:51:04 [Note]   - '127.0.0.1' resolves to '127.0.0.1';
150823  3:51:04 [Note] Server socket created on IP: '127.0.0.1'.
150823  3:51:04 [Note] Event Scheduler: Loaded 0 events
150823  3:51:04 [Note] C:\Users\Happy\Documents\repo\uniserver-bootstrap\core\mysql\bin\mysqld_z.exe: ready for connections.
Version: '5.5.44'  socket: ''  port: 3306  MySQL Community Server (GPL)
